[debug] [2018-08-30T00:18:17.003Z] ----------------------------------------------------------------------
[debug] [2018-08-30T00:18:17.008Z] Command:       C:\Program Files\nodejs\node.exe C:\Users\Intel Build\AppData\Roaming\npm\node_modules\firebase-tools\bin\firebase serve
[debug] [2018-08-30T00:18:17.009Z] CLI Version:   4.2.1
[debug] [2018-08-30T00:18:17.009Z] Platform:      win32
[debug] [2018-08-30T00:18:17.009Z] Node Version:  v8.11.3
[debug] [2018-08-30T00:18:17.010Z] Time:          Thu Aug 30 2018 01:18:17 GMT+0100 (GMT Daylight Time)
[debug] [2018-08-30T00:18:17.010Z] ----------------------------------------------------------------------
[debug] 
[debug] [2018-08-30T00:18:17.032Z] > command requires scopes: ["email","openid","https://www.googleapis.com/auth/cloudplatformprojects.readonly","https://www.googleapis.com/auth/firebase","https://www.googleapis.com/auth/cloud-platform"]
[debug] [2018-08-30T00:18:17.033Z] > authorizing via signed-in user
[debug] [2018-08-30T00:18:17.038Z] > refreshing access token with scopes: ["email","https://www.googleapis.com/auth/cloud-platform","https://www.googleapis.com/auth/cloudplatformprojects.readonly","https://www.googleapis.com/auth/firebase","openid"]
[debug] [2018-08-30T00:18:17.039Z] >>> HTTP REQUEST POST https://www.googleapis.com/oauth2/v3/token  

[debug] [2018-08-30T00:18:17.411Z] <<< HTTP RESPONSE 200
[debug] [2018-08-30T00:18:17.455Z] >>> HTTP REQUEST GET https://admin.firebase.com/v1/projects/buildings-in-stone  
 
[debug] [2018-08-30T00:18:18.900Z] <<< HTTP RESPONSE 200
[debug] [2018-08-30T00:18:18.901Z] >>> HTTP REQUEST GET https://cloudresourcemanager.googleapis.com/v1/projects/buildings-in-stone  
 
[debug] [2018-08-30T00:18:19.843Z] <<< HTTP RESPONSE 200
[info] 
[info] === Serving from 'C:\Users\Intel Build\web-development-progressive\buildings-in-stone'...
[info] 
[info] i  functions: Preparing to emulate functions.
[debug] [2018-08-30T00:18:21.596Z] Fetching environment
[debug] [2018-08-30T00:18:21.602Z] >>> HTTP REQUEST GET https://mobilesdk-pa.googleapis.com/v1/projects/16024031836:getServerAppConfig  
 
[debug] [2018-08-30T00:18:21.602Z] >>> HTTP REQUEST GET https://mobilesdk-pa.googleapis.com/v1/projects/16024031836/clients/_:getWebAppConfig  
 
[debug] [2018-08-30T00:18:22.443Z] <<< HTTP RESPONSE 200
[debug] [2018-08-30T00:18:22.444Z] Starting @google-cloud/functions-emulator
[debug] [2018-08-30T00:18:22.556Z] <<< HTTP RESPONSE 200
[info] i  hosting[buildings-in-stone]: Serving hosting files from: public
[info] +  hosting[buildings-in-stone]: Local server: http://localhost:5000
[debug] [2018-08-30T00:18:26.169Z] Parsing function triggers
[info] i  functions: No HTTPS functions found. Use firebase functions:shell if you would like to emulate other types of functions.
